Using pre-set license
Built from '2020.2/staging' branch; Version is '2020.2.6f1 (8a2143876886) revision 9052483'; Using compiler version '192528614'; Build Type 'Release'
OS: 'Windows 10 Enterprise; OS build 19042.1237; Version 2009; 64bit' Language: 'es' Physical Memory: 16310 MB
BatchMode: 1, IsHumanControllingUs: 0, StartBugReporterOnCrash: 0, Is64bit: 1, IsPro: 0

 COMMAND LINE ARGUMENTS:
F:\unity\Editor\2020.2.6f1\Editor\Unity.exe
-adb2
-batchMode
-noUpm
-name
AssetImportWorker0
-projectPath
E:/Fps/GameJam2021SanJose/DarkShotternightdracula
-logFile
Logs/AssetImportWorker0.log
-srvPort
59814
Successfully changed project path to: E:/Fps/GameJam2021SanJose/DarkShotternightdracula
E:/Fps/GameJam2021SanJose/DarkShotternightdracula
Using Asset Import Pipeline V2.
Refreshing native plugins compatible for Editor in 33.82 ms, found 0 plugins.
Preloading 0 native plugins for Editor in 0.00 ms.
Initialize engine version: 2020.2.6f1 (8a2143876886)
[Subsystems] Discovering subsystems at path F:/unity/Editor/2020.2.6f1/Editor/Data/Resources/UnitySubsystems
[Subsystems] Discovering subsystems at path E:/Fps/GameJam2021SanJose/DarkShotternightdracula/Assets
GfxDevice: creating device client; threaded=0
Direct3D:
    Version:  Direct3D 11.0 [level 11.1]
    Renderer: NVIDIA GeForce GTX 1050 Ti (ID=0x1c82)
    Vendor:   
    VRAM:     4018 MB
    Driver:   30.0.14.7168
Initialize mono
Mono path[0] = 'F:/unity/Editor/2020.2.6f1/Editor/Data/Managed'
Mono path[1] = 'F:/unity/Editor/2020.2.6f1/Editor/Data/MonoBleedingEdge/lib/mono/unityjit'
Mono config path = 'F:/unity/Editor/2020.2.6f1/Editor/Data/MonoBleedingEdge/etc'
Using monoOptions --debugger-agent=transport=dt_socket,embedding=1,server=y,suspend=n,address=127.0.0.1:56040
Begin MonoManager ReloadAssembly
Registering precompiled unity dll's ...
Register platform support module: F:/unity/Editor/2020.2.6f1/Editor/Data/PlaybackEngines/WindowsStandaloneSupport/UnityEditor.WindowsStandalone.Extensions.dll
Registered in 0.001494 seconds.
Native extension for WindowsStandalone target not found
Refreshing native plugins compatible for Editor in 34.31 ms, found 0 plugins.
Preloading 0 native plugins for Editor in 0.00 ms.
Invoked RoslynAnalysisRunner static constructor.
RoslynAnalysisRunner will not be running.
RoslynAnalysisRunner has terminated.
Mono: successfully reloaded assembly
- Completed reload, in  1.209 seconds
Platform modules already initialized, skipping
Registering precompiled user dll's ...
Registered in 0.001257 seconds.
Begin MonoManager ReloadAssembly
Native extension for WindowsStandalone target not found
Refreshing native plugins compatible for Editor in 0.30 ms, found 0 plugins.
Preloading 0 native plugins for Editor in 0.00 ms.
Invoked RoslynAnalysisRunner static constructor.
RoslynAnalysisRunner will not be running.
RoslynAnalysisRunner has terminated.
Mono: successfully reloaded assembly
- Completed reload, in  0.944 seconds
Platform modules already initialized, skipping
========================================================================
Worker process is ready to serve import requests
Launched and connected shader compiler UnityShaderCompiler.exe after 0.06 seconds
Refreshing native plugins compatible for Editor in 0.62 ms, found 0 plugins.
Preloading 0 native plugins for Editor in 0.00 ms.
Unloading 1132 Unused Serialized files (Serialized files now loaded: 0)
System memory in use before: 57.5 MB.
System memory in use after: 57.6 MB.

Unloading 10 unused Assets to reduce memory usage. Loaded Objects now: 1574.
Total: 3.889900 ms (FindLiveObjects: 0.398300 ms CreateObjectMapping: 0.059900 ms MarkObjects: 3.341400 ms  DeleteObjects: 0.086600 ms)

========================================================================
Received Import Request.
  path: Assets/Scenes
  artifactKey: Guid(6abee446a39cc9347bfb6e09662d6671) Importer(815301076,1909f56bfc062723c751e8b465ee728b)
Start importing Assets/Scenes using Guid(6abee446a39cc9347bfb6e09662d6671) Importer(815301076,1909f56bfc062723c751e8b465ee728b)  -> (artifact id: '2c600f45c8d96c40bf2183b7e812b838') in 0.011395 seconds
  Import took 0.013991 seconds .

========================================================================
Received Import Request.
  Time since last request: 0.000349 seconds.
  path: Assets/Scenes/SampleScene.unity
  artifactKey: Guid(9fc0d4010bbf28b4594072e72b8655ab) Importer(815301076,1909f56bfc062723c751e8b465ee728b)
Start importing Assets/Scenes/SampleScene.unity using Guid(9fc0d4010bbf28b4594072e72b8655ab) Importer(815301076,1909f56bfc062723c751e8b465ee728b)  -> (artifact id: '0d11265d5475515d4fc207d53f5e6029') in 0.019887 seconds
  Import took 0.022354 seconds .

========================================================================
Received Import Request.
  Time since last request: 14.532821 seconds.
  path: Assets/Low Poly FPS Pack - Free (Sample)
  artifactKey: Guid(db03555924f97ea4bb23aa0d1e75dec9) Importer(815301076,1909f56bfc062723c751e8b465ee728b)
Start importing Assets/Low Poly FPS Pack - Free (Sample) using Guid(db03555924f97ea4bb23aa0d1e75dec9) Importer(815301076,1909f56bfc062723c751e8b465ee728b)  -> (artifact id: 'b1bf1697af1d0b61e4c5d6f9bce826f6') in 0.012115 seconds
  Import took 0.014787 seconds .

========================================================================
Received Import Request.
  Time since last request: 2.951959 seconds.
  path: Assets
  artifactKey: Guid(00000000000000001000000000000000) Importer(815301076,1909f56bfc062723c751e8b465ee728b)
Start importing Assets using Guid(00000000000000001000000000000000) Importer(815301076,1909f56bfc062723c751e8b465ee728b)  -> (artifact id: 'f47cf443bddc682ac2de11ea429897ce') in 0.012293 seconds
  Import took 0.015137 seconds .

========================================================================
Received Import Request.
  Time since last request: 6.848637 seconds.
  path: Assets/Prefab
  artifactKey: Guid(bbf89f73aaacfb94b998b7face6b2f83) Importer(815301076,1909f56bfc062723c751e8b465ee728b)
Start importing Assets/Prefab using Guid(bbf89f73aaacfb94b998b7face6b2f83) Importer(815301076,1909f56bfc062723c751e8b465ee728b)  -> (artifact id: '2306312c115caefa6d5c9adb79e66915') in 0.008341 seconds
  Import took 0.010837 seconds .

========================================================================
Received Import Request.
  Time since last request: 1.379412 seconds.
  path: Assets/Flooded_Grounds
  artifactKey: Guid(e933dd5cc9867aa4292c0cff11d37945) Importer(815301076,1909f56bfc062723c751e8b465ee728b)
Start importing Assets/Flooded_Grounds using Guid(e933dd5cc9867aa4292c0cff11d37945) Importer(815301076,1909f56bfc062723c751e8b465ee728b)  -> (artifact id: 'aa812f6f8bafd84251ac06d09b4d0008') in 0.010485 seconds
  Import took 0.013287 seconds .

========================================================================
Received Import Request.
  Time since last request: 7.413153 seconds.
  path: Assets/Fantasy_creature_Battle Spider
  artifactKey: Guid(1ce817275d54b07459e0df4117aade80) Importer(815301076,1909f56bfc062723c751e8b465ee728b)
Start importing Assets/Fantasy_creature_Battle Spider using Guid(1ce817275d54b07459e0df4117aade80) Importer(815301076,1909f56bfc062723c751e8b465ee728b)  -> (artifact id: 'ab97f435c5da3b226347da21f2b5b6af') in 0.009820 seconds
  Import took 0.012686 seconds .

========================================================================
Received Import Request.
  Time since last request: 2.764497 seconds.
  path: Assets/Fantasy_creature_Battle Spider/Prefabs
  artifactKey: Guid(20e5d56e3d9280d468fe112d7432001a) Importer(815301076,1909f56bfc062723c751e8b465ee728b)
Start importing Assets/Fantasy_creature_Battle Spider/Prefabs using Guid(20e5d56e3d9280d468fe112d7432001a) Importer(815301076,1909f56bfc062723c751e8b465ee728b)  -> (artifact id: 'ce759b25461ad7a25732d389d33532e3') in 0.009418 seconds
  Import took 0.011860 seconds .

========================================================================
Received Import Request.
  Time since last request: 0.062993 seconds.
  path: Assets/Fantasy_creature_Battle Spider/Prefabs/BattleSpider01.prefab
  artifactKey: Guid(647062714461d0442bc749240130a2c5) Importer(815301076,1909f56bfc062723c751e8b465ee728b)
Start importing Assets/Fantasy_creature_Battle Spider/Prefabs/BattleSpider01.prefab using Guid(647062714461d0442bc749240130a2c5) Importer(815301076,1909f56bfc062723c751e8b465ee728b)  -> (artifact id: 'a65704703304c7f87ad8cbf6be12c5d4') in 0.479715 seconds
  Import took 0.482816 seconds .

========================================================================
Received Import Request.
  Time since last request: 0.000272 seconds.
  path: Assets/Fantasy_creature_Battle Spider/Prefabs/BattleSpider02.prefab
  artifactKey: Guid(d90bc4d3f18536d449b192d4a7c33ed8) Importer(815301076,1909f56bfc062723c751e8b465ee728b)
Start importing Assets/Fantasy_creature_Battle Spider/Prefabs/BattleSpider02.prefab using Guid(d90bc4d3f18536d449b192d4a7c33ed8) Importer(815301076,1909f56bfc062723c751e8b465ee728b)  -> (artifact id: 'e811e43281bc07fe87c1ab01e4b94e3f') in 0.038503 seconds
  Import took 0.041328 seconds .

========================================================================
Received Import Request.
  Time since last request: 0.000300 seconds.
  path: Assets/Fantasy_creature_Battle Spider/Prefabs/Directional light.prefab
  artifactKey: Guid(9aec2e7c40bcf9440a2163c9789d9cfa) Importer(815301076,1909f56bfc062723c751e8b465ee728b)
Start importing Assets/Fantasy_creature_Battle Spider/Prefabs/Directional light.prefab using Guid(9aec2e7c40bcf9440a2163c9789d9cfa) Importer(815301076,1909f56bfc062723c751e8b465ee728b)  -> (artifact id: '4631ef88d07089d3c9eb1ce713dcb199') in 0.010468 seconds
  Import took 0.012632 seconds .

========================================================================
Received Import Request.
  Time since last request: 0.000321 seconds.
  path: Assets/Fantasy_creature_Battle Spider/Prefabs/Main Camera.prefab
  artifactKey: Guid(d49f6b544eec9354bb9e1f1db7f736b2) Importer(815301076,1909f56bfc062723c751e8b465ee728b)
Start importing Assets/Fantasy_creature_Battle Spider/Prefabs/Main Camera.prefab using Guid(d49f6b544eec9354bb9e1f1db7f736b2) Importer(815301076,1909f56bfc062723c751e8b465ee728b)  -> (artifact id: 'dc3d16d5de5210c9dcc7758660f91ec2') in 0.012259 seconds
  Import took 0.014407 seconds .

========================================================================
Received Import Request.
  Time since last request: 123.219109 seconds.
  path: Assets/Fantasy_creature_Battle Spider/Fbx/BattleSpider01.FBX
  artifactKey: Guid(b242000de832a0e43ae4860f64e5ff3f) Importer(815301076,1909f56bfc062723c751e8b465ee728b)
Start importing Assets/Fantasy_creature_Battle Spider/Fbx/BattleSpider01.FBX using Guid(b242000de832a0e43ae4860f64e5ff3f) Importer(815301076,1909f56bfc062723c751e8b465ee728b)  -> (artifact id: '54a6b68784a9d9abd13d603d96617ca6') in 0.110257 seconds
  Import took 0.113467 seconds .

========================================================================
Received Import Request.
  Time since last request: 0.000275 seconds.
  path: Assets/Fantasy_creature_Battle Spider/Fbx/BattleSpider_jump_action01.FBX
  artifactKey: Guid(da1485b1268149240b66e4fd766b8c1a) Importer(815301076,1909f56bfc062723c751e8b465ee728b)
Start importing Assets/Fantasy_creature_Battle Spider/Fbx/BattleSpider_jump_action01.FBX using Guid(da1485b1268149240b66e4fd766b8c1a) Importer(815301076,1909f56bfc062723c751e8b465ee728b)  -> (artifact id: 'f1cc48e8dbae13d1070148684e4383fc') in 0.014547 seconds
  Import took 0.017382 seconds .

========================================================================
Received Import Request.
  Time since last request: 0.000351 seconds.
  path: Assets/Fantasy_creature_Battle Spider/Fbx/BattleSpider_action01.FBX
  artifactKey: Guid(0ca6dd14d5753154c808054af10bcd82) Importer(815301076,1909f56bfc062723c751e8b465ee728b)
Start importing Assets/Fantasy_creature_Battle Spider/Fbx/BattleSpider_action01.FBX using Guid(0ca6dd14d5753154c808054af10bcd82) Importer(815301076,1909f56bfc062723c751e8b465ee728b)  -> (artifact id: 'f79b73d2b970a8996e08efc3d85a636a') in 0.016048 seconds
  Import took 0.018902 seconds .

========================================================================
Received Import Request.
  Time since last request: 0.000342 seconds.
  path: Assets/Fantasy_creature_Battle Spider/Fbx/BattleSpider_hit01.FBX
  artifactKey: Guid(b54b11b1544b7244a82f55978a1a9c94) Importer(815301076,1909f56bfc062723c751e8b465ee728b)
Start importing Assets/Fantasy_creature_Battle Spider/Fbx/BattleSpider_hit01.FBX using Guid(b54b11b1544b7244a82f55978a1a9c94) Importer(815301076,1909f56bfc062723c751e8b465ee728b)  -> (artifact id: '2b640b4b4c0ecd57f923a32886165cf2') in 0.014723 seconds
  Import took 0.019013 seconds .

========================================================================
Received Import Request.
  Time since last request: 0.000331 seconds.
  path: Assets/Fantasy_creature_Battle Spider/Fbx/BattleSpider_ready01.FBX
  artifactKey: Guid(7fd9778d38a77634b92dab4535d16d92) Importer(815301076,1909f56bfc062723c751e8b465ee728b)
Start importing Assets/Fantasy_creature_Battle Spider/Fbx/BattleSpider_ready01.FBX using Guid(7fd9778d38a77634b92dab4535d16d92) Importer(815301076,1909f56bfc062723c751e8b465ee728b)  -> (artifact id: 'af4ea283489791a2b615ad821d04d7bd') in 0.014192 seconds
  Import took 0.017420 seconds .

========================================================================
Received Import Request.
  Time since last request: 0.000378 seconds.
  path: Assets/Fantasy_creature_Battle Spider/Fbx/BattleSpider_die_action03.FBX
  artifactKey: Guid(0013a60e4cfc5c64faa8154cfb0ac025) Importer(815301076,1909f56bfc062723c751e8b465ee728b)
Start importing Assets/Fantasy_creature_Battle Spider/Fbx/BattleSpider_die_action03.FBX using Guid(0013a60e4cfc5c64faa8154cfb0ac025) Importer(815301076,1909f56bfc062723c751e8b465ee728b)  -> (artifact id: '0f111d07185d3f13f5c620d3be5ff745') in 0.014919 seconds
  Import took 0.017804 seconds .

========================================================================
Received Import Request.
  Time since last request: 0.000309 seconds.
  path: Assets/Fantasy_creature_Battle Spider/Fbx/BattleSpider02.FBX
  artifactKey: Guid(c2694ce66043cf34fbe29c1342f3a3bf) Importer(815301076,1909f56bfc062723c751e8b465ee728b)
Start importing Assets/Fantasy_creature_Battle Spider/Fbx/BattleSpider02.FBX using Guid(c2694ce66043cf34fbe29c1342f3a3bf) Importer(815301076,1909f56bfc062723c751e8b465ee728b)  -> (artifact id: '4a392792da214090521255520be53480') in 0.034276 seconds
  Import took 0.036835 seconds .

========================================================================
Received Import Request.
  Time since last request: 0.000263 seconds.
  path: Assets/Fantasy_creature_Battle Spider/Fbx/BattleSpider_attack03.FBX
  artifactKey: Guid(de5a3a2b4e4cbff4ab3c432f29f240bf) Importer(815301076,1909f56bfc062723c751e8b465ee728b)
Start importing Assets/Fantasy_creature_Battle Spider/Fbx/BattleSpider_attack03.FBX using Guid(de5a3a2b4e4cbff4ab3c432f29f240bf) Importer(815301076,1909f56bfc062723c751e8b465ee728b)  -> (artifact id: '45f8e951e3449bf3df419cfef77206d8') in 0.014992 seconds
  Import took 0.017601 seconds .

========================================================================
Received Import Request.
  Time since last request: 0.000258 seconds.
  path: Assets/Fantasy_creature_Battle Spider/Fbx/BattleSpider_attack01.FBX
  artifactKey: Guid(43149f4e5845b484f85054e010f2b9f0) Importer(815301076,1909f56bfc062723c751e8b465ee728b)
Start importing Assets/Fantasy_creature_Battle Spider/Fbx/BattleSpider_attack01.FBX using Guid(43149f4e5845b484f85054e010f2b9f0) Importer(815301076,1909f56bfc062723c751e8b465ee728b)  -> (artifact id: 'eb340ed61f74cee2df58e9768d62f0a7') in 0.013387 seconds
  Import took 0.016147 seconds .

========================================================================
Received Import Request.
  Time since last request: 0.000276 seconds.
  path: Assets/Fantasy_creature_Battle Spider/Fbx/BattleSpider_die_action04.FBX
  artifactKey: Guid(854cd819ec16ad64babeaa5e330c83c5) Importer(815301076,1909f56bfc062723c751e8b465ee728b)
Start importing Assets/Fantasy_creature_Battle Spider/Fbx/BattleSpider_die_action04.FBX using Guid(854cd819ec16ad64babeaa5e330c83c5) Importer(815301076,1909f56bfc062723c751e8b465ee728b)  -> (artifact id: '44bf7d273f6be87864e6529768dee2d9') in 0.012247 seconds
  Import took 0.014721 seconds .

========================================================================
Received Import Request.
  Time since last request: 0.000281 seconds.
  path: Assets/Fantasy_creature_Battle Spider/Fbx/BattleSpider_die02.FBX
  artifactKey: Guid(801f61b4a6c522044a4f45b7d1a0bfc8) Importer(815301076,1909f56bfc062723c751e8b465ee728b)
Start importing Assets/Fantasy_creature_Battle Spider/Fbx/BattleSpider_die02.FBX using Guid(801f61b4a6c522044a4f45b7d1a0bfc8) Importer(815301076,1909f56bfc062723c751e8b465ee728b)  -> (artifact id: '74031d0544b784bd8714a73fc4874d9d') in 0.012862 seconds
  Import took 0.015234 seconds .

========================================================================
Received Import Request.
  Time since last request: 0.000235 seconds.
  path: Assets/Fantasy_creature_Battle Spider/Fbx/BattleSpider_action03.FBX
  artifactKey: Guid(088ea8ea0994c7b4984768db8f973cd5) Importer(815301076,1909f56bfc062723c751e8b465ee728b)
Start importing Assets/Fantasy_creature_Battle Spider/Fbx/BattleSpider_action03.FBX using Guid(088ea8ea0994c7b4984768db8f973cd5) Importer(815301076,1909f56bfc062723c751e8b465ee728b)  -> (artifact id: '0a8930b8350f24fb19c6d96ed96d48b6') in 0.013085 seconds
  Import took 0.015532 seconds .

========================================================================
Received Import Request.
  Time since last request: 0.000293 seconds.
  path: Assets/Fantasy_creature_Battle Spider/Fbx/BattleSpider_run01.FBX
  artifactKey: Guid(5dd75d800365b484faa67c9070357266) Importer(815301076,1909f56bfc062723c751e8b465ee728b)
Start importing Assets/Fantasy_creature_Battle Spider/Fbx/BattleSpider_run01.FBX using Guid(5dd75d800365b484faa67c9070357266) Importer(815301076,1909f56bfc062723c751e8b465ee728b)  -> (artifact id: '64bfa374abc5cb68cb05882f49161987') in 0.013245 seconds
  Import took 0.015668 seconds .

========================================================================
Received Import Request.
  Time since last request: 0.000259 seconds.
  path: Assets/Fantasy_creature_Battle Spider/Fbx/BattleSpider_die_action06.FBX
  artifactKey: Guid(d14a948d8ee282f41be94810b333ed42) Importer(815301076,1909f56bfc062723c751e8b465ee728b)
Start importing Assets/Fantasy_creature_Battle Spider/Fbx/BattleSpider_die_action06.FBX using Guid(d14a948d8ee282f41be94810b333ed42) Importer(815301076,1909f56bfc062723c751e8b465ee728b)  -> (artifact id: '3b5a3a6507085dacbbea95c76f94674c') in 0.012510 seconds
  Import took 0.014869 seconds .

========================================================================
Received Import Request.
  Time since last request: 0.000266 seconds.
  path: Assets/Fantasy_creature_Battle Spider/Fbx/BattleSpider_jump_action03.FBX
  artifactKey: Guid(b38a65559495e8c4eb40081ecdfef1d6) Importer(815301076,1909f56bfc062723c751e8b465ee728b)
Start importing Assets/Fantasy_creature_Battle Spider/Fbx/BattleSpider_jump_action03.FBX using Guid(b38a65559495e8c4eb40081ecdfef1d6) Importer(815301076,1909f56bfc062723c751e8b465ee728b)  -> (artifact id: '71623abc469144bddd17756cb3d76a1c') in 0.012278 seconds
  Import took 0.014747 seconds .

========================================================================
Received Import Request.
  Time since last request: 0.000272 seconds.
  path: Assets/Fantasy_creature_Battle Spider/Fbx/BattleSpider_action02.FBX
  artifactKey: Guid(966fffc2f10b1a7409c714c362caa742) Importer(815301076,1909f56bfc062723c751e8b465ee728b)
Start importing Assets/Fantasy_creature_Battle Spider/Fbx/BattleSpider_action02.FBX using Guid(966fffc2f10b1a7409c714c362caa742) Importer(815301076,1909f56bfc062723c751e8b465ee728b)  -> (artifact id: '05cd746a2d44ee6919a7c152cc726197') in 0.011574 seconds
  Import took 0.014477 seconds .

========================================================================
Received Import Request.
  Time since last request: 0.000294 seconds.
  path: Assets/Fantasy_creature_Battle Spider/Fbx/BattleSpider_die_action01.FBX
  artifactKey: Guid(48f916682f4feca4997acefb9e28ebeb) Importer(815301076,1909f56bfc062723c751e8b465ee728b)
Start importing Assets/Fantasy_creature_Battle Spider/Fbx/BattleSpider_die_action01.FBX using Guid(48f916682f4feca4997acefb9e28ebeb) Importer(815301076,1909f56bfc062723c751e8b465ee728b)  -> (artifact id: '5d56d30c97e2e1ed09fe2f2e7e30b98a') in 0.011858 seconds
  Import took 0.014422 seconds .

========================================================================
Received Import Request.
  Time since last request: 0.000373 seconds.
  path: Assets/Fantasy_creature_Battle Spider/Fbx/BattleSpider_jump01.FBX
  artifactKey: Guid(28eaabff96e669242971374658ef9a47) Importer(815301076,1909f56bfc062723c751e8b465ee728b)
Start importing Assets/Fantasy_creature_Battle Spider/Fbx/BattleSpider_jump01.FBX using Guid(28eaabff96e669242971374658ef9a47) Importer(815301076,1909f56bfc062723c751e8b465ee728b)  -> (artifact id: '6ed11352dac118af6877b8067791746b') in 0.014957 seconds
  Import took 0.018634 seconds .

========================================================================
Received Import Request.
  Time since last request: 0.000295 seconds.
  path: Assets/Fantasy_creature_Battle Spider/Fbx/BattleSpider_show01.FBX
  artifactKey: Guid(08631be5676f5bd41b7c91c2b8fda87a) Importer(815301076,1909f56bfc062723c751e8b465ee728b)
Start importing Assets/Fantasy_creature_Battle Spider/Fbx/BattleSpider_show01.FBX using Guid(08631be5676f5bd41b7c91c2b8fda87a) Importer(815301076,1909f56bfc062723c751e8b465ee728b)  -> (artifact id: 'd44b1bcf8eaad84befbde9aecb80cf4c') in 0.014968 seconds
  Import took 0.017727 seconds .

========================================================================
Received Import Request.
  Time since last request: 0.000292 seconds.
  path: Assets/Fantasy_creature_Battle Spider/Fbx/BattleSpider_attack02.FBX
  artifactKey: Guid(e3ee59fa2ceafec458723785597eb9c8) Importer(815301076,1909f56bfc062723c751e8b465ee728b)
Start importing Assets/Fantasy_creature_Battle Spider/Fbx/BattleSpider_attack02.FBX using Guid(e3ee59fa2ceafec458723785597eb9c8) Importer(815301076,1909f56bfc062723c751e8b465ee728b)  -> (artifact id: '167073f2b9e8d7022598aa440425b381') in 0.014347 seconds
  Import took 0.016960 seconds .

========================================================================
Received Import Request.
  Time since last request: 0.000264 seconds.
  path: Assets/Fantasy_creature_Battle Spider/Fbx/BattleSpider_die03.FBX
  artifactKey: Guid(c46d8d7ccd3f42e4485e6ae98cf7b2c0) Importer(815301076,1909f56bfc062723c751e8b465ee728b)
Start importing Assets/Fantasy_creature_Battle Spider/Fbx/BattleSpider_die03.FBX using Guid(c46d8d7ccd3f42e4485e6ae98cf7b2c0) Importer(815301076,1909f56bfc062723c751e8b465ee728b)  -> (artifact id: 'ea4c0b8f3ccb798481cd84665b3d0475') in 0.013385 seconds
  Import took 0.016029 seconds .

========================================================================
Received Import Request.
  Time since last request: 0.000279 seconds.
  path: Assets/Fantasy_creature_Battle Spider/Fbx/BattleSpider_defense01.FBX
  artifactKey: Guid(35a78cc52fa7cb94c990e9b29805a6ad) Importer(815301076,1909f56bfc062723c751e8b465ee728b)
Start importing Assets/Fantasy_creature_Battle Spider/Fbx/BattleSpider_defense01.FBX using Guid(35a78cc52fa7cb94c990e9b29805a6ad) Importer(815301076,1909f56bfc062723c751e8b465ee728b)  -> (artifact id: 'd94b34c25fc629478b84316f38e96789') in 0.012687 seconds
  Import took 0.015299 seconds .

========================================================================
Received Import Request.
  Time since last request: 0.000297 seconds.
  path: Assets/Fantasy_creature_Battle Spider/Fbx/BattleSpider_raise01.FBX
  artifactKey: Guid(81b93f1535dc5e2468c72a1fc69dc2c5) Importer(815301076,1909f56bfc062723c751e8b465ee728b)
Start importing Assets/Fantasy_creature_Battle Spider/Fbx/BattleSpider_raise01.FBX using Guid(81b93f1535dc5e2468c72a1fc69dc2c5) Importer(815301076,1909f56bfc062723c751e8b465ee728b)  -> (artifact id: '7e4ffd8a2d78e1e885d8110a473f727d') in 0.014887 seconds
  Import took 0.017357 seconds .

========================================================================
Received Import Request.
  Time since last request: 0.000274 seconds.
  path: Assets/Fantasy_creature_Battle Spider/Fbx/BattleSpider_die_action02.FBX
  artifactKey: Guid(84c1b8564f236fd458961dfad40849db) Importer(815301076,1909f56bfc062723c751e8b465ee728b)
Start importing Assets/Fantasy_creature_Battle Spider/Fbx/BattleSpider_die_action02.FBX using Guid(84c1b8564f236fd458961dfad40849db) Importer(815301076,1909f56bfc062723c751e8b465ee728b)  -> (artifact id: 'a88c39b94e5e6595aa527baa0940161c') in 0.012760 seconds
  Import took 0.015302 seconds .

========================================================================
Received Import Request.
  Time since last request: 0.000290 seconds.
  path: Assets/Fantasy_creature_Battle Spider/Fbx/BattleSpider_dizzy01.FBX
  artifactKey: Guid(bd6e2d4a5990b71458b536506a8159a3) Importer(815301076,1909f56bfc062723c751e8b465ee728b)
Start importing Assets/Fantasy_creature_Battle Spider/Fbx/BattleSpider_dizzy01.FBX using Guid(bd6e2d4a5990b71458b536506a8159a3) Importer(815301076,1909f56bfc062723c751e8b465ee728b)  -> (artifact id: 'dffc8f2939d0ba736c3460c03d31dc9e') in 0.012393 seconds
  Import took 0.015131 seconds .

========================================================================
Received Import Request.
  Time since last request: 0.000277 seconds.
  path: Assets/Fantasy_creature_Battle Spider/Fbx/BattleSpider_jump_action04.FBX
  artifactKey: Guid(327cd45a90e04ff4aa007424b93e78c2) Importer(815301076,1909f56bfc062723c751e8b465ee728b)
Start importing Assets/Fantasy_creature_Battle Spider/Fbx/BattleSpider_jump_action04.FBX using Guid(327cd45a90e04ff4aa007424b93e78c2) Importer(815301076,1909f56bfc062723c751e8b465ee728b)  -> (artifact id: '8056f46f84782d2d13f8950c33610a4d') in 0.012660 seconds
  Import took 0.015388 seconds .

========================================================================
Received Import Request.
  Time since last request: 0.000289 seconds.
  path: Assets/Fantasy_creature_Battle Spider/Fbx/BattleSpider_jump_action02.FBX
  artifactKey: Guid(8bcaa26926a67a4409ead4b0ed8e06a3) Importer(815301076,1909f56bfc062723c751e8b465ee728b)
Start importing Assets/Fantasy_creature_Battle Spider/Fbx/BattleSpider_jump_action02.FBX using Guid(8bcaa26926a67a4409ead4b0ed8e06a3) Importer(815301076,1909f56bfc062723c751e8b465ee728b)  -> (artifact id: 'cb9c4d4238ad100e3fa013c8bc4a2ed8') in 0.012302 seconds
  Import took 0.015050 seconds .

========================================================================
Received Import Request.
  Time since last request: 0.000430 seconds.
  path: Assets/Fantasy_creature_Battle Spider/Fbx/BattleSpider_die_action05.FBX
  artifactKey: Guid(6536273f51553d6459a3bf445ae6a20b) Importer(815301076,1909f56bfc062723c751e8b465ee728b)
Start importing Assets/Fantasy_creature_Battle Spider/Fbx/BattleSpider_die_action05.FBX using Guid(6536273f51553d6459a3bf445ae6a20b) Importer(815301076,1909f56bfc062723c751e8b465ee728b)  -> (artifact id: '73cab1f1f18bbbbc0ccefcae78f1fb82') in 0.013068 seconds
  Import took 0.016216 seconds .

========================================================================
Received Import Request.
  Time since last request: 0.000468 seconds.
  path: Assets/Fantasy_creature_Battle Spider/Fbx/BattleSpider_die01.FBX
  artifactKey: Guid(3f94613e0186eab41a97c43aea38bd84) Importer(815301076,1909f56bfc062723c751e8b465ee728b)
Start importing Assets/Fantasy_creature_Battle Spider/Fbx/BattleSpider_die01.FBX using Guid(3f94613e0186eab41a97c43aea38bd84) Importer(815301076,1909f56bfc062723c751e8b465ee728b)  -> (artifact id: '406a54844c8ec6e49d0462d806b4014c') in 0.014786 seconds
  Import took 0.017930 seconds .

========================================================================
Received Import Request.
  Time since last request: 0.000315 seconds.
  path: Assets/Fantasy_creature_Battle Spider/Fbx/BattleSpider_idle01.FBX
  artifactKey: Guid(ff6665d50186b464d8e0d0b203e5aa7a) Importer(815301076,1909f56bfc062723c751e8b465ee728b)
Start importing Assets/Fantasy_creature_Battle Spider/Fbx/BattleSpider_idle01.FBX using Guid(ff6665d50186b464d8e0d0b203e5aa7a) Importer(815301076,1909f56bfc062723c751e8b465ee728b)  -> (artifact id: '9cd015523e07ac6cfedb9593fb7c38c9') in 0.016252 seconds
  Import took 0.019020 seconds .

========================================================================
Received Import Request.
  Time since last request: 0.000263 seconds.
  path: Assets/Fantasy_creature_Battle Spider/Fbx/BattleSpider_walk01.FBX
  artifactKey: Guid(dadfd34be620ecf4083b6e7f68ed8a9a) Importer(815301076,1909f56bfc062723c751e8b465ee728b)
Start importing Assets/Fantasy_creature_Battle Spider/Fbx/BattleSpider_walk01.FBX using Guid(dadfd34be620ecf4083b6e7f68ed8a9a) Importer(815301076,1909f56bfc062723c751e8b465ee728b)  -> (artifact id: '94023ff3dbe5673c220f0212f22c8ba1') in 0.012688 seconds
  Import took 0.015239 seconds .

========================================================================
Received Import Request.
  Time since last request: 0.000298 seconds.
  path: Assets/Fantasy_creature_Battle Spider/Fbx/BattleSpider01.FBX
  artifactKey: Guid(b242000de832a0e43ae4860f64e5ff3f) Importer(815301076,1909f56bfc062723c751e8b465ee728b)
Start importing Assets/Fantasy_creature_Battle Spider/Fbx/BattleSpider01.FBX using Guid(b242000de832a0e43ae4860f64e5ff3f) Importer(815301076,1909f56bfc062723c751e8b465ee728b)  -> (artifact id: '54a6b68784a9d9abd13d603d96617ca6') in 0.030430 seconds
  Import took 0.033040 seconds .

========================================================================
Received Prepare
Registering precompiled user dll's ...
Registered in 0.001230 seconds.
Begin MonoManager ReloadAssembly
Native extension for WindowsStandalone target not found
Refreshing native plugins compatible for Editor in 0.31 ms, found 0 plugins.
Preloading 0 native plugins for Editor in 0.00 ms.
Invoked RoslynAnalysisRunner static constructor.
RoslynAnalysisRunner will not be running.
RoslynAnalysisRunner has terminated.
Mono: successfully reloaded assembly
- Completed reload, in  0.882 seconds
Platform modules already initialized, skipping
Refreshing native plugins compatible for Editor in 0.40 ms, found 0 plugins.
Preloading 0 native plugins for Editor in 0.00 ms.
Unloading 1124 Unused Serialized files (Serialized files now loaded: 0)
System memory in use before: 75.6 MB.
System memory in use after: 75.7 MB.

Unloading 5 unused Assets to reduce memory usage. Loaded Objects now: 1620.
Total: 2.464200 ms (FindLiveObjects: 0.184900 ms CreateObjectMapping: 0.033500 ms MarkObjects: 2.222600 ms  DeleteObjects: 0.021200 ms)

========================================================================
Received Prepare
Registering precompiled user dll's ...
Registered in 0.001316 seconds.
Begin MonoManager ReloadAssembly
Native extension for WindowsStandalone target not found
Refreshing native plugins compatible for Editor in 0.31 ms, found 0 plugins.
Preloading 0 native plugins for Editor in 0.00 ms.
Invoked RoslynAnalysisRunner static constructor.
RoslynAnalysisRunner will not be running.
RoslynAnalysisRunner has terminated.
Mono: successfully reloaded assembly
- Completed reload, in  0.981 seconds
Platform modules already initialized, skipping
Refreshing native plugins compatible for Editor in 0.38 ms, found 0 plugins.
Preloading 0 native plugins for Editor in 0.00 ms.
Unloading 1124 Unused Serialized files (Serialized files now loaded: 0)
System memory in use before: 75.7 MB.
System memory in use after: 75.8 MB.

Unloading 5 unused Assets to reduce memory usage. Loaded Objects now: 1622.
Total: 2.096000 ms (FindLiveObjects: 0.191100 ms CreateObjectMapping: 0.034300 ms MarkObjects: 1.852800 ms  DeleteObjects: 0.016900 ms)

========================================================================
Received Prepare
Registering precompiled user dll's ...
Registered in 0.001171 seconds.
Begin MonoManager ReloadAssembly
Native extension for WindowsStandalone target not found
Refreshing native plugins compatible for Editor in 0.30 ms, found 0 plugins.
Preloading 0 native plugins for Editor in 0.00 ms.
Invoked RoslynAnalysisRunner static constructor.
RoslynAnalysisRunner will not be running.
RoslynAnalysisRunner has terminated.
Mono: successfully reloaded assembly
- Completed reload, in  0.865 seconds
Platform modules already initialized, skipping
Refreshing native plugins compatible for Editor in 0.54 ms, found 0 plugins.
Preloading 0 native plugins for Editor in 0.00 ms.
Unloading 1124 Unused Serialized files (Serialized files now loaded: 0)
System memory in use before: 75.7 MB.
System memory in use after: 75.8 MB.

Unloading 5 unused Assets to reduce memory usage. Loaded Objects now: 1624.
Total: 1.847100 ms (FindLiveObjects: 0.209300 ms CreateObjectMapping: 0.034000 ms MarkObjects: 1.585800 ms  DeleteObjects: 0.016200 ms)

========================================================================
Received Import Request.
  Time since last request: 164.014893 seconds.
  path: Assets/Fantasy_creature_Battle Spider/Animator/BattleSpider.controller
  artifactKey: Guid(1b15918c7e69d5540bc8551e62606232) Importer(815301076,1909f56bfc062723c751e8b465ee728b)
Start importing Assets/Fantasy_creature_Battle Spider/Animator/BattleSpider.controller using Guid(1b15918c7e69d5540bc8551e62606232) Importer(815301076,1909f56bfc062723c751e8b465ee728b)  -> (artifact id: '954a5189d5399ede68658f1d2de92a84') in 0.031188 seconds
  Import took 0.034360 seconds .

========================================================================
Received Import Request.
  Time since last request: 50.427243 seconds.
  path: Assets/Fantasy_creature_Battle Spider/Animator/BattleSpider.controller
  artifactKey: Guid(1b15918c7e69d5540bc8551e62606232) Importer(815301076,1909f56bfc062723c751e8b465ee728b)
Start importing Assets/Fantasy_creature_Battle Spider/Animator/BattleSpider.controller using Guid(1b15918c7e69d5540bc8551e62606232) Importer(815301076,1909f56bfc062723c751e8b465ee728b)  -> (artifact id: 'edb45acd7718a95bff7eacb766e89b65') in 0.005574 seconds
  Import took 0.008408 seconds .

========================================================================
Received Import Request.
  Time since last request: 0.006476 seconds.
  path: Assets/Fantasy_creature_Battle Spider/Animator/BattleSpider.controller
  artifactKey: Guid(1b15918c7e69d5540bc8551e62606232) Importer(815301076,1909f56bfc062723c751e8b465ee728b)
Start importing Assets/Fantasy_creature_Battle Spider/Animator/BattleSpider.controller using Guid(1b15918c7e69d5540bc8551e62606232) Importer(815301076,1909f56bfc062723c751e8b465ee728b)  -> (artifact id: 'edb45acd7718a95bff7eacb766e89b65') in 0.005438 seconds
  Import took 0.008696 seconds .

========================================================================
Received Prepare
Registering precompiled user dll's ...
Registered in 0.001244 seconds.
Begin MonoManager ReloadAssembly
Native extension for WindowsStandalone target not found
Refreshing native plugins compatible for Editor in 0.35 ms, found 0 plugins.
Preloading 0 native plugins for Editor in 0.00 ms.
Invoked RoslynAnalysisRunner static constructor.
RoslynAnalysisRunner will not be running.
RoslynAnalysisRunner has terminated.
Mono: successfully reloaded assembly
- Completed reload, in  0.867 seconds
Platform modules already initialized, skipping
Refreshing native plugins compatible for Editor in 0.31 ms, found 0 plugins.
Preloading 0 native plugins for Editor in 0.00 ms.
Unloading 1124 Unused Serialized files (Serialized files now loaded: 0)
System memory in use before: 75.7 MB.
System memory in use after: 75.8 MB.

Unloading 5 unused Assets to reduce memory usage. Loaded Objects now: 1626.
Total: 2.011600 ms (FindLiveObjects: 0.208500 ms CreateObjectMapping: 0.037300 ms MarkObjects: 1.748600 ms  DeleteObjects: 0.015900 ms)

AssetImportWorkerClient::OnTransportError - code=2 error=End of file
